2025-07-20 09:20:35 UTC | [LOCK] Thread 'Disscus Here' by urhalcyon. in Fire Department | Crystal Pride RP
2025-07-20 09:20:56 UTC | [LOCK] Thread 'Zambrota_Xandro' by urhalcyon. in Fire Department | Crystal Pride RP
2025-07-20 09:27:48 UTC | [LOCK] Thread 'Disscus Here' by urhalcyon. in Fire Department | Crystal Pride RP
2025-07-20 09:28:02 UTC | [LOCK] Thread 'Disscus Here' by urhalcyon. in Fire Department | Crystal Pride RP
2025-07-20 09:28:13 UTC | [LOCK] Thread 'Disscus Here' by urhalcyon. in Fire Department | Crystal Pride RP
2025-07-20 09:30:05 UTC | [LOCK] Thread 'Disscus Here' by urhalcyon. in Fire Department | Crystal Pride RP
2025-07-20 09:31:04 UTC | [LOCK] Thread 'Drew_Leonarrdo' by urhalcyon. in Fire Department | Crystal Pride RP
2025-07-20 09:33:33 UTC | [LOCK] Thread 'Drew_Leonarrdo' by urhalcyon. in Fire Department | Crystal Pride RP
2025-07-20 09:33:39 UTC | [AUTO_DELETE] Thread 'Drew_Leonarrdo' by urhalcyon. in Fire Department | Crystal Pride RP - Auto-deleted from special channel
2025-07-20 09:42:08 UTC | [LOCK] Thread 'Report' by urhalcyon. in Fire Department | Crystal Pride RP
2025-07-20 10:24:49 UTC | [LOCK] Thread 'Disscus Here' by urhalcyon. in Fire Department | Crystal Pride RP
2025-07-20 10:45:36 UTC | [LOCK] Thread 'Disscus Here' by urhalcyon. in Fire Department | Crystal Pride RP
2025-07-20 10:46:08 UTC | [LOCK] Thread 'Disscus Here' by urhalcyon. in Fire Department | Crystal Pride RP
2025-07-20 10:49:45 UTC | [LOCK] Thread 'Disscus Here' by urhalcyon. in Fire Department | Crystal Pride RP
2025-07-20 10:51:08 UTC | [LOCK] Thread 'Disscus Here' by nazz4youu in Fire Department | Crystal Pride RP
2025-07-20 11:12:00 UTC | [LOCK] Thread '<@968718394901807104> <@1342445455673655 - glock.choppa22' by dani17.th in Fire Department | Crystal Pride RP
2025-07-20 11:16:48 UTC | [LOCK] Thread 'Disscus Here' by urhalcyon. in Fire Department | Crystal Pride RP
2025-07-20 11:31:33 UTC | [LOCK] Thread 'Axell_Cobra' by urhalcyon. in Fire Department | Crystal Pride RP
2025-07-20 11:31:38 UTC | [AUTO_DELETE] Thread 'Axell_Cobra' by urhalcyon. in Fire Department | Crystal Pride RP - Auto-deleted from special channel
2025-07-20 11:31:47 UTC | [LOCK] Thread 'Denz_Xancurse' by urhalcyon. in Fire Department | Crystal Pride RP
2025-07-20 11:31:53 UTC | [AUTO_DELETE] Thread 'Denz_Xancurse' by urhalcyon. in Fire Department | Crystal Pride RP - Auto-deleted from special channel
2025-07-20 11:32:02 UTC | [LOCK] Thread 'Maurice_Decamor' by urhalcyon. in Fire Department | Crystal Pride RP
2025-07-20 11:32:08 UTC | [AUTO_DELETE] Thread 'Maurice_Decamor' by urhalcyon. in Fire Department | Crystal Pride RP - Auto-deleted from special channel
2025-07-20 11:32:19 UTC | [LOCK] Thread 'Fin Mcmissle' by urhalcyon. in Fire Department | Crystal Pride RP
2025-07-20 11:34:07 UTC | [LOCK] Thread 'Faito_Xanderz' by urhalcyon. in Fire Department | Crystal Pride RP
2025-07-20 11:34:12 UTC | [AUTO_DELETE] Thread 'Faito_Xanderz' by urhalcyon. in Fire Department | Crystal Pride RP - Auto-deleted from special channel
2025-07-20 11:34:24 UTC | [LOCK] Thread 'Zhanza Santacrus' by urhalcyon. in Fire Department | Crystal Pride RP
2025-07-20 11:34:29 UTC | [AUTO_DELETE] Thread 'Zhanza Santacrus' by urhalcyon. in Fire Department | Crystal Pride RP - Auto-deleted from special channel
2025-07-20 11:34:37 UTC | [LOCK] Thread 'Valentino_Veentaich' by urhalcyon. in Fire Department | Crystal Pride RP
2025-07-20 11:34:43 UTC | [AUTO_DELETE] Thread 'Valentino_Veentaich' by urhalcyon. in Fire Department | Crystal Pride RP - Auto-deleted from special channel
2025-07-20 11:34:53 UTC | [LOCK] Thread 'Velos_Alvadoryc' by urhalcyon. in Fire Department | Crystal Pride RP
2025-07-20 11:34:58 UTC | [AUTO_DELETE] Thread 'Velos_Alvadoryc' by urhalcyon. in Fire Department | Crystal Pride RP - Auto-deleted from special channel
2025-07-20 11:35:07 UTC | [LOCK] Thread 'Fathan_AlfarizzZ' by urhalcyon. in Fire Department | Crystal Pride RP
2025-07-20 11:35:13 UTC | [AUTO_DELETE] Thread 'Fathan_AlfarizzZ' by urhalcyon. in Fire Department | Crystal Pride RP - Auto-deleted from special channel
2025-07-20 11:35:23 UTC | [LOCK] Thread 'Rendra_Ardner' by urhalcyon. in Fire Department | Crystal Pride RP
2025-07-20 11:35:29 UTC | [AUTO_DELETE] Thread 'Rendra_Ardner' by urhalcyon. in Fire Department | Crystal Pride RP - Auto-deleted from special channel
2025-07-20 11:35:38 UTC | [LOCK] Thread 'Rico Vazquez' by urhalcyon. in Fire Department | Crystal Pride RP
2025-07-20 11:35:43 UTC | [AUTO_DELETE] Thread 'Rico Vazquez' by urhalcyon. in Fire Department | Crystal Pride RP - Auto-deleted from special channel
2025-07-20 12:35:58 UTC | [LOCK] Thread 'Disscus Here' by puttsxx in Fire Department | Crystal Pride RP
2025-07-20 15:46:03 UTC | [LOCK] Thread 'Peter Junior' by kamkam0060 in Fire Department | Crystal Pride RP
2025-07-20 15:46:08 UTC | [AUTO_DELETE] Thread 'Peter Junior' by kamkam0060 in Fire Department | Crystal Pride RP - Auto-deleted from special channel
2025-07-20 16:18:31 UTC | [LOCK] Thread 'Disscus Here' by urhalcyon. in Fire Department | Crystal Pride RP
