2025-07-20 01:44:34 UTC | [LOCK] Thread 'Discuss Here' by urhalcyon. in Aetherian Sovereignty
2025-07-20 01:52:06 UTC | [LOCK] Thread 'Morgan Braylon' by urhalcyon. in Fire Department | Crystal Pride RP
2025-07-20 01:55:35 UTC | [LOCK] Thread 'Luzi_Darrent' by urhalcyon. in Fire Department | Crystal Pride RP
2025-07-20 01:55:49 UTC | [LOCK] Thread 'Disscus Here' by puttsxx in Fire Department | Crystal Pride RP
2025-07-20 01:56:30 UTC | [DELETE] Thread 'Disscus Here' by puttsxx in Fire Department | Crystal Pride RP
2025-07-20 02:01:27 UTC | [LOCK] Thread 'Luzi_Darrent' by mr_nandar in Fire Department | Crystal Pride RP
2025-07-20 02:10:54 UTC | [LOCK] Thread 'Luzi_Darrent' by urhalcyon. in Fire Department | Crystal Pride RP
2025-07-20 02:10:59 UTC | [AUTO_DELETE] Thread 'Luzi_Darrent' by urhalcyon. in Fire Department | Crystal Pride RP - Auto-deleted by Handle Blacklist role
2025-07-20 02:13:34 UTC | [LOCK] Thread 'Format Recruitment [Name]' by urhalcyon. in Fire Department | Crystal Pride RP
2025-07-20 02:14:21 UTC | [LOCK] Thread 'Javier Nathanael' by urhalcyon. in Fire Department | Crystal Pride RP
2025-07-20 02:14:27 UTC | [AUTO_DELETE] Thread 'Javier Nathanael' by urhalcyon. in Fire Department | Crystal Pride RP - Auto-deleted by Handle Blacklist role
2025-07-20 02:15:12 UTC | [LOCK] Thread 'Nama IC' by urhalcyon. in Fire Department | Crystal Pride RP
2025-07-20 02:15:18 UTC | [AUTO_DELETE] Thread 'Nama IC' by urhalcyon. in Fire Department | Crystal Pride RP - Auto-deleted by Handle Blacklist role
2025-07-20 02:20:17 UTC | [LOCK] Thread 'Disscus Here' by urhalcyon. in Fire Department | Crystal Pride RP
2025-07-20 02:21:55 UTC | [LOCK] Thread 'Disscus Here' by urhalcyon. in Fire Department | Crystal Pride RP
2025-07-20 02:22:03 UTC | [LOCK] Thread 'Disscus Here' by urhalcyon. in Fire Department | Crystal Pride RP
2025-07-20 02:22:44 UTC | [LOCK] Thread 'Disscus Here' by urhalcyon. in Fire Department | Crystal Pride RP
2025-07-20 02:22:52 UTC | [LOCK] Thread 'Disscus Here' by urhalcyon. in Fire Department | Crystal Pride RP
2025-07-20 02:22:58 UTC | [LOCK] Thread 'Disscus Here' by urhalcyon. in Fire Department | Crystal Pride RP
2025-07-20 02:26:42 UTC | [LOCK] Thread 'Disscus Here' by urhalcyon. in Fire Department | Crystal Pride RP
2025-07-20 02:28:53 UTC | [LOCK] Thread 'Disscus Here' by urhalcyon. in Fire Department | Crystal Pride RP
2025-07-20 02:30:05 UTC | [LOCK] Thread 'Disscus Here' by dilan_s109 in Fire Department | Crystal Pride RP
2025-07-20 02:30:15 UTC | [LOCK] Thread 'Disscus Here' by urhalcyon. in Fire Department | Crystal Pride RP
2025-07-20 02:30:29 UTC | [LOCK] Thread 'Disscus Here' by dilan_s109 in Fire Department | Crystal Pride RP
2025-07-20 02:34:19 UTC | [LOCK] Thread 'Disscus Here' by urhalcyon. in Fire Department | Crystal Pride RP
2025-07-20 02:36:30 UTC | [LOCK] Thread 'Disscus Here' by urhalcyon. in Fire Department | Crystal Pride RP
2025-07-20 02:52:54 UTC | [LOCK] Thread 'hpizz' by huhuhu8241 in Fire Department | Crystal Pride RP
2025-07-20 02:53:00 UTC | [AUTO_DELETE] Thread 'hpizz' by huhuhu8241 in Fire Department | Crystal Pride RP - Auto-deleted from special channel
2025-07-20 02:54:28 UTC | [LOCK] Thread 'Disscus Here' by huhuhu8241 in Fire Department | Crystal Pride RP
2025-07-20 03:17:59 UTC | [LOCK] Thread 'Lyonetta Fiorella' by urhalcyon. in Fire Department | Crystal Pride RP
2025-07-20 03:18:03 UTC | [DELETE] Thread 'Lyonetta Fiorella' by urhalcyon. in Fire Department | Crystal Pride RP
2025-07-20 03:33:18 UTC | [LOCK] Thread 'Disscus Here' by dani17.th in Fire Department | Crystal Pride RP
2025-07-20 03:33:18 UTC | [LOCK] Thread 'Disscus Here' by dani17.th in Fire Department | Crystal Pride RP
2025-07-20 03:33:26 UTC | [LOCK] Thread 'Disscus Here' by dani17.th in Fire Department | Crystal Pride RP
2025-07-20 03:33:26 UTC | [LOCK] Thread 'Disscus Here' by dani17.th in Fire Department | Crystal Pride RP
2025-07-20 03:33:38 UTC | [LOCK] Thread 'Disscus Here' by dani17.th in Fire Department | Crystal Pride RP
2025-07-20 03:33:38 UTC | [LOCK] Thread 'Disscus Here' by dani17.th in Fire Department | Crystal Pride RP
2025-07-20 04:52:30 UTC | [LOCK] Thread 'Disscus Here' by urhalcyon. in Fire Department | Crystal Pride RP
2025-07-20 04:52:41 UTC | [LOCK] Thread 'Joy Lawrence' by urhalcyon. in Fire Department | Crystal Pride RP
2025-07-20 04:52:46 UTC | [AUTO_DELETE] Thread 'Joy Lawrence' by urhalcyon. in Fire Department | Crystal Pride RP - Auto-deleted from special channel
2025-07-20 04:59:51 UTC | [LOCK] Thread 'Disscus Here' by urhalcyon. in Fire Department | Crystal Pride RP
2025-07-20 05:01:42 UTC | [LOCK] Thread 'Disscus Here' by urhalcyon. in Fire Department | Crystal Pride RP
2025-07-20 05:01:47 UTC | [DELETE] Thread 'Disscus Here' by urhalcyon. in Fire Department | Crystal Pride RP
2025-07-20 06:15:35 UTC | [LOCK] Thread 'Report' by urhalcyon. in Fire Department | Crystal Pride RP
2025-07-20 07:49:58 UTC | [LOCK] Thread 'Discuss Here' by urhalcyon. in Aetherian Sovereignty
